<?xml version="1.0" encoding="UTF-8"?>
<!-- Generated by org.testng.reporters.JUnitReportReporter -->
<testsuite hostname="BLRSFLT195" failures="0" tests="3" name="org.kare.Register" time="8.289" errors="0" timestamp="14 Oct 2022 12:40:29 GMT" skipped="0">
  <testcase classname="org.kare.Register" name="registerDetails" time="0.273"/>
  <testcase classname="org.kare.Register" name="registerLink" time="2.961"/>
  <testcase classname="org.kare.Register" name="login1" time="5.055"/>
</testsuite> <!-- org.kare.Register -->
