<?xml version="1.0" encoding="UTF-8"?>
<!-- Generated by org.testng.reporters.JUnitReportReporter -->
<testsuite hostname="BLRSFLT195" failures="0" tests="4" name="org.kare.Login" time="329.267" errors="0" timestamp="03 Nov 2022 05:14:42 GMT" skipped="2">
  <testcase classname="org.kare.Login" name="login1" time="18.411"/>
  <testcase classname="org.kare.Login" name="credentials" time="310.856"/>
  <testcase classname="org.kare.Login" name="withoutRule">
    <skipped/>
  </testcase> <!-- withoutRule -->
  <testcase classname="org.kare.Login" name="withoutEmpty">
    <skipped/>
  </testcase> <!-- withoutEmpty -->
</testsuite> <!-- org.kare.Login -->
