<?xml version="1.0" encoding="UTF-8"?>
<!-- Generated by org.testng.reporters.JUnitReportReporter -->
<testsuite hostname="BLRSFLT195" failures="0" tests="4" name="org.kare.MultipleLoginCredentials" time="143.276" errors="0" timestamp="04 Nov 2022 10:59:03 GMT" skipped="0">
  <testcase classname="org.kare.MultipleLoginCredentials" name="credentials" time="39.035"/>
  <testcase classname="org.kare.MultipleLoginCredentials" name="credentials" time="33.748"/>
  <testcase classname="org.kare.MultipleLoginCredentials" name="credentials" time="35.435"/>
  <testcase classname="org.kare.MultipleLoginCredentials" name="credentials" time="35.058"/>
</testsuite> <!-- org.kare.MultipleLoginCredentials -->
