<?xml version="1.0" encoding="UTF-8"?>
<!-- Generated by org.testng.reporters.JUnitReportReporter -->
<testsuite hostname="BLRSFLT195" failures="0" tests="7" name="org.kare.ProductPurchase" time="27.835" errors="0" timestamp="04 Dec 2022 17:12:34 GMT" skipped="5">
  <testcase classname="org.kare.ProductPurchase" name="login1" time="3.555"/>
  <testcase classname="org.kare.ProductPurchase" name="productSeleccting" time="24.280"/>
  <testcase classname="org.kare.ProductPurchase" name="payment">
    <skipped/>
  </testcase> <!-- payment -->
  <testcase classname="org.kare.ProductPurchase" name="ccAvenue">
    <skipped/>
  </testcase> <!-- ccAvenue -->
  <testcase classname="org.kare.ProductPurchase" name="checkoutWorks">
    <skipped/>
  </testcase> <!-- checkoutWorks -->
  <testcase classname="org.kare.ProductPurchase" name="cartpageWorks">
    <skipped/>
  </testcase> <!-- cartpageWorks -->
  <testcase classname="org.kare.ProductPurchase" name="credentials">
    <skipped/>
  </testcase> <!-- credentials -->
</testsuite> <!-- org.kare.ProductPurchase -->
