<?xml version="1.0" encoding="UTF-8"?>
<!-- Generated by org.testng.reporters.JUnitReportReporter -->
<testsuite hostname="BLRSFLT195" failures="0" tests="10" name="org.kare.UserPersonalFunctionalities" time="34.358" errors="0" timestamp="09 Nov 2022 05:49:27 GMT" skipped="6">
  <testcase classname="org.kare.UserPersonalFunctionalities" name="login1" time="4.290"/>
  <testcase classname="org.kare.UserPersonalFunctionalities" name="credentials" time="3.568"/>
  <testcase classname="org.kare.UserPersonalFunctionalities" name="goToOurAccount" time="2.904"/>
  <testcase classname="org.kare.UserPersonalFunctionalities" name="accountInformation" time="23.596"/>
  <testcase classname="org.kare.UserPersonalFunctionalities" name="myOrders">
    <skipped/>
  </testcase> <!-- myOrders -->
  <testcase classname="org.kare.UserPersonalFunctionalities" name="adddressBook">
    <skipped/>
  </testcase> <!-- adddressBook -->
  <testcase classname="org.kare.UserPersonalFunctionalities" name="logout">
    <skipped/>
  </testcase> <!-- logout -->
  <testcase classname="org.kare.UserPersonalFunctionalities" name="storeCredit">
    <skipped/>
  </testcase> <!-- storeCredit -->
  <testcase classname="org.kare.UserPersonalFunctionalities" name="myWishList">
    <skipped/>
  </testcase> <!-- myWishList -->
  <testcase classname="org.kare.UserPersonalFunctionalities" name="accountDashboard">
    <skipped/>
  </testcase> <!-- accountDashboard -->
</testsuite> <!-- org.kare.UserPersonalFunctionalities -->
